app/build/intermediates/manifest_merge_blame_file/debug/manifest-merger-blame-debug-report.txt
1<?xml version="1.0" encoding="utf-8"?>
2<manifest xmlns:android="http://schemas.android.com/apk/res/android"
3    package="com.example.netflix"
4    android:versionCode="1"
5    android:versionName="1.0" >
6
7    <uses-sdk
8        android:minSdkVersion="24"
8-->src\main\AndroidManifest.xml
9        android:targetSdkVersion="30" />
9-->src\main\AndroidManifest.xml
10
11    <uses-permission android:name="android.permission.INTERNET" />
11-->src\main\AndroidManifest.xml:5:5-66
11-->src\main\AndroidManifest.xml:5:22-64
12    <uses-permission android:name="android.permission.ACCESS_NETWORK_STATE" />
12-->src\main\AndroidManifest.xml:6:5-79
12-->src\main\AndroidManifest.xml:6:22-76
13
14    <application
14-->src\main\AndroidManifest.xml:8:5-27:19
15        android:allowBackup="true"
15-->src\main\AndroidManifest.xml:9:9-35
16        android:appComponentFactory="androidx.core.app.CoreComponentFactory"
16-->[androidx.core:core:1.5.0-beta01] AndroidManifest.xml:24:18-86
17        android:debuggable="true"
18        android:extractNativeLibs="false"
19        android:icon="@mipmap/ic_launcher"
19-->src\main\AndroidManifest.xml:10:9-43
20        android:label="@string/app_name"
20-->src\main\AndroidManifest.xml:11:9-41
21        android:roundIcon="@mipmap/ic_launcher_round"
21-->src\main\AndroidManifest.xml:12:9-54
22        android:supportsRtl="true"
22-->src\main\AndroidManifest.xml:13:9-35
23        android:testOnly="true"
24        android:theme="@style/Theme.Netflix" >
24-->src\main\AndroidManifest.xml:14:9-45
25        <activity android:name="com.example.netflix.presentation.ui.ActivityHome" />
25-->src\main\AndroidManifest.xml:15:9-65
25-->src\main\AndroidManifest.xml:15:19-63
26        <activity
26-->src\main\AndroidManifest.xml:16:9-26:20
27            android:name="com.example.netflix.presentation.ui.ActivityLogo"
27-->src\main\AndroidManifest.xml:17:13-57
28            android:exported="true"
28-->src\main\AndroidManifest.xml:18:13-36
29            android:label="@string/app_name"
29-->src\main\AndroidManifest.xml:19:13-45
30            android:theme="@style/Theme.Netflix.NoActionBar" >
30-->src\main\AndroidManifest.xml:20:13-61
31            <intent-filter>
31-->src\main\AndroidManifest.xml:21:13-25:29
32                <action android:name="android.intent.action.MAIN" />
32-->src\main\AndroidManifest.xml:22:17-69
32-->src\main\AndroidManifest.xml:22:25-66
33
34                <category android:name="android.intent.category.LAUNCHER" />
34-->src\main\AndroidManifest.xml:24:17-77
34-->src\main\AndroidManifest.xml:24:27-74
35            </intent-filter>
36        </activity>
37        <activity
37-->[androidx.compose.ui:ui-tooling:1.0.0-beta04] AndroidManifest.xml:25:9-27:39
38            android:name="androidx.compose.ui.tooling.preview.PreviewActivity"
38-->[androidx.compose.ui:ui-tooling:1.0.0-beta04] AndroidManifest.xml:26:13-79
39            android:exported="true" />
39-->[androidx.compose.ui:ui-tooling:1.0.0-beta04] AndroidManifest.xml:27:13-36
40        <activity android:name="androidx.compose.ui.tooling.data.TestActivity" />
40-->[androidx.compose.ui:ui-tooling-data:1.0.0-beta04] AndroidManifest.xml:25:9-82
40-->[androidx.compose.ui:ui-tooling-data:1.0.0-beta04] AndroidManifest.xml:25:19-79
41
42        <provider
42-->[androidx.lifecycle:lifecycle-process:2.3.1] AndroidManifest.xml:25:9-29:43
43            android:name="androidx.lifecycle.ProcessLifecycleOwnerInitializer"
43-->[androidx.lifecycle:lifecycle-process:2.3.1] AndroidManifest.xml:26:13-79
44            android:authorities="com.example.netflix.lifecycle-process"
44-->[androidx.lifecycle:lifecycle-process:2.3.1] AndroidManifest.xml:27:13-69
45            android:exported="false"
45-->[androidx.lifecycle:lifecycle-process:2.3.1] AndroidManifest.xml:28:13-37
46            android:multiprocess="true" />
46-->[androidx.lifecycle:lifecycle-process:2.3.1] AndroidManifest.xml:29:13-40
47    </application>
48
49</manifest>